#! /usr/bin/vvp
:ivl_version "10.3 (stable)";
:ivl_delay_selection "TYPICAL";
:vpi_time_precision + 0;
:vpi_module "system";
:vpi_module "vhdl_sys";
:vpi_module "v2005_math";
:vpi_module "va_math";
S_0x55c699edc130 .scope module, "first_counter" "first_counter" 2 9;
 .timescale 0 0;
    .port_info 0 /INPUT 1 "clock"
    .port_info 1 /INPUT 1 "reset"
    .port_info 2 /INPUT 1 "enable"
    .port_info 3 /OUTPUT 4 "counter_out"
o0x7f831e553018 .functor BUFZ 1, C4<z>; HiZ drive
v0x55c699eeea70_0 .net "clock", 0 0, o0x7f831e553018;  0 drivers
v0x55c699f20310_0 .var "counter_out", 3 0;
o0x7f831e553078 .functor BUFZ 1, C4<z>; HiZ drive
v0x55c699f203f0_0 .net "enable", 0 0, o0x7f831e553078;  0 drivers
o0x7f831e5530a8 .functor BUFZ 1, C4<z>; HiZ drive
v0x55c699f204c0_0 .net "reset", 0 0, o0x7f831e5530a8;  0 drivers
E_0x55c699f116e0 .event posedge, v0x55c699eeea70_0;
S_0x55c699eee880 .scope begin, "COUNTER" "COUNTER" 2 35, 2 35 0, S_0x55c699edc130;
 .timescale 0 0;
    .scope S_0x55c699edc130;
T_0 ;
    %wait E_0x55c699f116e0;
    %fork t_1, S_0x55c699eee880;
    %jmp t_0;
    .scope S_0x55c699eee880;
t_1 ;
    %load/vec4 v0x55c699f204c0_0;
    %cmpi/e 1, 0, 1;
    %jmp/0xz  T_0.0, 4;
    %pushi/vec4 0, 0, 4;
    %assign/vec4 v0x55c699f20310_0, 1;
    %jmp T_0.1;
T_0.0 ;
    %load/vec4 v0x55c699f203f0_0;
    %cmpi/e 1, 0, 1;
    %jmp/0xz  T_0.2, 4;
    %load/vec4 v0x55c699f20310_0;
    %addi 1, 0, 4;
    %assign/vec4 v0x55c699f20310_0, 1;
T_0.2 ;
T_0.1 ;
    %end;
    .scope S_0x55c699edc130;
t_0 %join;
    %jmp T_0;
    .thread T_0;
# The file index is used to find the file name in the following table.
:file_names 3;
    "N/A";
    "<interactive>";
    "first_counter.v";
