#! /usr/bin/vvp
:ivl_version "10.3 (stable)";
:ivl_delay_selection "TYPICAL";
:vpi_time_precision + 0;
:vpi_module "system";
:vpi_module "vhdl_sys";
:vpi_module "v2005_math";
:vpi_module "va_math";
S_0x56362afab6f0 .scope module, "xor_tb" "xor_tb" 2 3;
 .timescale 0 0;
v0x56362afbb9f0_0 .var "a", 0 0;
v0x56362afbbac0_0 .var "b", 0 0;
v0x56362afbbb90_0 .net "out", 0 0, L_0x56362afbbc90;  1 drivers
S_0x56362afab870 .scope module, "G1" "xor_gate" 2 9, 3 1 0, S_0x56362afab6f0;
 .timescale 0 0;
    .port_info 0 /INPUT 1 "a"
    .port_info 1 /INPUT 1 "b"
    .port_info 2 /OUTPUT 1 "out"
L_0x56362afbbc90 .functor XOR 1, v0x56362afbb9f0_0, v0x56362afbbac0_0, C4<0>, C4<0>;
v0x56362af76070_0 .net "a", 0 0, v0x56362afbb9f0_0;  1 drivers
v0x56362afbb810_0 .net "b", 0 0, v0x56362afbbac0_0;  1 drivers
v0x56362afbb8d0_0 .net "out", 0 0, L_0x56362afbbc90;  alias, 1 drivers
    .scope S_0x56362afab6f0;
T_0 ;
    %vpi_call 2 13 "$dumpfile", "xor_tb.vcd" {0 0 0};
    %vpi_call 2 14 "$dumpvars", 32'sb00000000000000000000000000000000, S_0x56362afab6f0 {0 0 0};
    %pushi/vec4 0, 0, 1;
    %store/vec4 v0x56362afbb9f0_0, 0, 1;
    %pushi/vec4 0, 0, 1;
    %store/vec4 v0x56362afbbac0_0, 0, 1;
    %delay 10, 0;
    %pushi/vec4 0, 0, 1;
    %store/vec4 v0x56362afbb9f0_0, 0, 1;
    %pushi/vec4 1, 0, 1;
    %store/vec4 v0x56362afbbac0_0, 0, 1;
    %delay 10, 0;
    %pushi/vec4 1, 0, 1;
    %store/vec4 v0x56362afbb9f0_0, 0, 1;
    %pushi/vec4 0, 0, 1;
    %store/vec4 v0x56362afbbac0_0, 0, 1;
    %delay 10, 0;
    %pushi/vec4 1, 0, 1;
    %store/vec4 v0x56362afbb9f0_0, 0, 1;
    %pushi/vec4 1, 0, 1;
    %store/vec4 v0x56362afbbac0_0, 0, 1;
    %delay 10, 0;
    %end;
    .thread T_0;
# The file index is used to find the file name in the following table.
:file_names 4;
    "N/A";
    "<interactive>";
    "xor_tb.v";
    "./xor.v";
